<?xml version="1.0" encoding="UTF-8"?>
<testng-results ignored="1" total="6" passed="5" failed="0" skipped="0">
  <reporter-output>
  </reporter-output>
  <suite started-at="2022-08-15T18:31:01 IST" name="Suite" finished-at="2022-08-15T18:35:16 IST" duration-ms="254585">
    <groups>
    </groups>
    <test started-at="2022-08-15T18:31:01 IST" name="Test" finished-at="2022-08-15T18:35:16 IST" duration-ms="254585">
      <class name="com.mystore.testcases.TC_ProductPageTest">
        <test-method is-config="true" signature="setup()[pri:0, instance:com.mystore.testcases.TC_ProductPageTest@1151e434]" started-at="2022-08-15T18:32:16 IST" name="setup" finished-at="2022-08-15T18:32:25 IST" duration-ms="9038" status="PASS">
          <reporter-output>
          </reporter-output>
        </test-method> <!-- setup -->
        <test-method signature="VerifyBuyProduct()[pri:0, instance:com.mystore.testcases.TC_ProductPageTest@1151e434]" started-at="2022-08-15T18:32:25 IST" name="VerifyBuyProduct" finished-at="2022-08-15T18:34:31 IST" duration-ms="125203" status="PASS">
          <reporter-output>
          </reporter-output>
        </test-method> <!-- VerifyBuyProduct -->
        <test-method signature="VerifySearchProduct()[pri:0, instance:com.mystore.testcases.TC_ProductPageTest@1151e434]" started-at="2022-08-15T18:34:31 IST" name="VerifySearchProduct" finished-at="2022-08-15T18:35:05 IST" duration-ms="34255" status="PASS">
          <reporter-output>
          </reporter-output>
        </test-method> <!-- VerifySearchProduct -->
        <test-method signature="verifyAddToWishlistWithoutLogin()[pri:0, instance:com.mystore.testcases.TC_ProductPageTest@1151e434]" started-at="2022-08-15T18:35:05 IST" name="verifyAddToWishlistWithoutLogin" finished-at="2022-08-15T18:35:15 IST" duration-ms="10190" status="PASS">
          <reporter-output>
          </reporter-output>
        </test-method> <!-- verifyAddToWishlistWithoutLogin -->
        <test-method is-config="true" signature="tearDown()[pri:0, instance:com.mystore.testcases.TC_ProductPageTest@1151e434]" started-at="2022-08-15T18:35:15 IST" name="tearDown" finished-at="2022-08-15T18:35:16 IST" duration-ms="371" status="PASS">
          <reporter-output>
          </reporter-output>
        </test-method> <!-- tearDown -->
      </class> <!-- com.mystore.testcases.TC_ProductPageTest -->
      <class name="com.mystore.testcases.TC_MyAccountPageTest">
        <test-method is-config="true" signature="setup()[pri:0, instance:com.mystore.testcases.TC_MyAccountPageTest@201a4587]" started-at="2022-08-15T18:31:02 IST" name="setup" finished-at="2022-08-15T18:31:18 IST" duration-ms="15957" status="PASS">
          <reporter-output>
          </reporter-output>
        </test-method> <!-- setup -->
        <test-method signature="VerifyLogin()[pri:0, instance:com.mystore.testcases.TC_MyAccountPageTest@201a4587]" started-at="2022-08-15T18:31:18 IST" name="VerifyLogin" finished-at="2022-08-15T18:31:43 IST" duration-ms="25221" status="PASS">
          <reporter-output>
          </reporter-output>
        </test-method> <!-- VerifyLogin -->
        <test-method signature="VerifySignOut()[pri:0, instance:com.mystore.testcases.TC_MyAccountPageTest@201a4587]" started-at="2022-08-15T18:31:43 IST" name="VerifySignOut" finished-at="2022-08-15T18:32:16 IST" duration-ms="33271" status="PASS">
          <reporter-output>
          </reporter-output>
        </test-method> <!-- VerifySignOut -->
        <test-method is-config="true" signature="tearDown()[pri:0, instance:com.mystore.testcases.TC_MyAccountPageTest@201a4587]" started-at="2022-08-15T18:32:16 IST" name="tearDown" finished-at="2022-08-15T18:32:16 IST" duration-ms="346" status="PASS">
          <reporter-output>
          </reporter-output>
        </test-method> <!-- tearDown -->
      </class> <!-- com.mystore.testcases.TC_MyAccountPageTest -->
    </test> <!-- Test -->
  </suite> <!-- Suite -->
</testng-results>
